<?xml version="1.0" encoding="UTF-8"?>
<!-- Generated by org.testng.reporters.JUnitXMLReporter -->
<testsuite hostname="LAPTOP-IFLMPRQ2" ignored="0" name="Default test" tests="3" failures="0" timestamp="2021-07-20T19:15:37 IST" time="88.514" errors="0">
  <testcase name="createApp" time="33.341" classname="com.fitsyn.qa.testcases.RailTwoApplictionAPIData"/>
  <testcase name="validData" time="8.134" classname="com.fitsyn.qa.testcases.RailTwoApplictionAPIData"/>
  <testcase name="submitform" time="26.063" classname="com.fitsyn.qa.testcases.RailTwoApplictionAPIData"/>
</testsuite> <!-- Default test -->
