<?xml version="1.0" encoding="UTF-8"?>
<testng-results skipped="0" failed="0" ignored="0" total="3" passed="3">
  <reporter-output>
  </reporter-output>
  <suite name="Default suite" duration-ms="88514" started-at="2021-07-20T19:14:08 IST" finished-at="2021-07-20T19:15:37 IST">
    <groups>
    </groups>
    <test name="Default test" duration-ms="88514" started-at="2021-07-20T19:14:08 IST" finished-at="2021-07-20T19:15:37 IST">
      <class name="com.fitsyn.qa.testcases.RailTwoApplictionAPIData">
        <test-method status="PASS" signature="openBrowser()[pri:0, instance:com.fitsyn.qa.testcases.RailTwoApplictionAPIData@544a2ea6]" name="openBrowser" is-config="true" duration-ms="20922" started-at="2021-07-20T19:14:08 IST" finished-at="2021-07-20T19:14:29 IST">
          <reporter-output>
          </reporter-output>
        </test-method> <!-- openBrowser -->
        <test-method status="PASS" signature="createApp()[pri:1, instance:com.fitsyn.qa.testcases.RailTwoApplictionAPIData@544a2ea6]" name="createApp" duration-ms="33341" started-at="2021-07-20T19:14:29 IST" finished-at="2021-07-20T19:15:03 IST">
          <reporter-output>
          </reporter-output>
        </test-method> <!-- createApp -->
        <test-method status="PASS" signature="validData()[pri:2, instance:com.fitsyn.qa.testcases.RailTwoApplictionAPIData@544a2ea6]" name="validData" duration-ms="8134" started-at="2021-07-20T19:15:03 IST" finished-at="2021-07-20T19:15:11 IST">
          <reporter-output>
          </reporter-output>
        </test-method> <!-- validData -->
        <test-method status="PASS" signature="submitform()[pri:3, instance:com.fitsyn.qa.testcases.RailTwoApplictionAPIData@544a2ea6]" name="submitform" duration-ms="26063" started-at="2021-07-20T19:15:11 IST" finished-at="2021-07-20T19:15:37 IST">
          <reporter-output>
          </reporter-output>
        </test-method> <!-- submitform -->
      </class> <!-- com.fitsyn.qa.testcases.RailTwoApplictionAPIData -->
    </test> <!-- Default test -->
  </suite> <!-- Default suite -->
</testng-results>
